Base path: /Applications/Unity_5.2/Unity.app/Contents
Pipe name: \\.\pipe\UnityShaderCompiler-64bit-1-1924809472
Cmd: getPlatforms
Cmd: preprocess
  insize=2873 outsize=1500 ok=1
Cmd: compileSnippet
  error: 2 plat 0 at (91): 'UnityObjectToClipPos' : no matching overloaded function found\nCompiling Vertex program
  api=0 type=0 insize=1676 outsize=0 kw= pd= ok=0
Cmd: preprocess
  insize=3682 outsize=2942 ok=1
Cmd: compileSnippet
  error: 2 plat 0 at TMPro_Surface.cginc(25): 'UnityObjectToClipPos' : no matching overloaded function found\nCompiling Vertex program with DIRECTIONAL LIGHTMAP_OFF DIRLIGHTMAP_OFF DYNAMICLIGHTMAP_OFF
  api=0 type=0 insize=15816 outsize=0 kw=DIRECTIONAL LIGHTMAP_OFF DIRLIGHTMAP_OFF DYNAMICLIGHTMAP_OFF pd= ok=0
Cmd: preprocess
  insize=10410 outsize=4386 ok=1
Cmd: compileSnippet
  error: 2 plat 0 at (164): 'UnityObjectToClipPos' : no matching overloaded function found\nCompiling Vertex program
  error: 2 plat 0 at (208): 'unity_ObjectToWorld' : undeclared identifier\nCompiling Vertex program
  api=0 type=0 insize=6330 outsize=0 kw= pd= ok=0
Cmd: preprocess
  error: 2 plat 1 at /TMPro_Surface.cginc(98): undefined variable "unity_ObjectToWorld"
  insize=4575 outsize=4490 ok=0
Cmd: preprocess
  insize=7698 outsize=2820 ok=1
Cmd: compileSnippet
  error: 2 plat 0 at (126): 'UnityObjectToClipPos' : no matching overloaded function found\nCompiling Vertex program
  api=0 type=0 insize=5182 outsize=0 kw= pd= ok=0
Cmd: preprocess
  insize=8689 outsize=3092 ok=1
Cmd: compileSnippet
  error: 2 plat 0 at (136): 'UnityObjectToClipPos' : no matching overloaded function found\nCompiling Vertex program
  api=0 type=0 insize=5901 outsize=0 kw= pd= ok=0
Cmd: preprocess
  insize=7708 outsize=2830 ok=1
Cmd: compileSnippet
  error: 2 plat 0 at (126): 'UnityObjectToClipPos' : no matching overloaded function found\nCompiling Vertex program
  api=0 type=0 insize=5182 outsize=0 kw= pd= ok=0
Cmd: preprocess
  insize=4036 outsize=2047 ok=1
Cmd: compileSnippet
  error: 2 plat 0 at (95): 'UnityObjectToClipPos' : no matching overloaded function found\nCompiling Vertex program
  api=0 type=0 insize=2293 outsize=0 kw= pd= ok=0
Cmd: preprocess
  insize=10421 outsize=4397 ok=1
Cmd: compileSnippet
  error: 2 plat 0 at (165): 'UnityObjectToClipPos' : no matching overloaded function found\nCompiling Vertex program
  error: 2 plat 0 at (209): 'unity_ObjectToWorld' : undeclared identifier\nCompiling Vertex program
  api=0 type=0 insize=6330 outsize=0 kw= pd= ok=0
Cmd: preprocess
  insize=4019 outsize=1634 ok=1
Cmd: compileSnippet
  error: 2 plat 0 at (103): 'UnityObjectToClipPos' : no matching overloaded function found\nCompiling Vertex program
  api=0 type=0 insize=2689 outsize=0 kw= pd= ok=0
Cmd: compileSnippet
  api=0 type=0 insize=751 outsize=1893 kw=SHADOWS_DEPTH pd= ok=1
Cmd: compileSnippet
  api=0 type=1 insize=751 outsize=6 kw=SHADOWS_DEPTH pd= ok=1
Cmd: compileSnippet
  api=0 type=0 insize=982 outsize=11598 kw=DIRECTIONAL SHADOWS_OFF LIGHTMAP_OFF DIRLIGHTMAP_OFF DYNAMICLIGHTMAP_OFF _NORMALMAP pd= ok=1
Cmd: compileSnippet
  api=0 type=1 insize=982 outsize=6 kw=DIRECTIONAL SHADOWS_OFF LIGHTMAP_OFF DIRLIGHTMAP_OFF DYNAMICLIGHTMAP_OFF _NORMALMAP pd= ok=1
Cmd: compileSnippet
  api=0 type=0 insize=938 outsize=6166 kw=DIRECTIONAL SHADOWS_OFF _NORMALMAP pd= ok=1
Cmd: compileSnippet
  api=0 type=1 insize=938 outsize=6 kw=DIRECTIONAL SHADOWS_OFF _NORMALMAP pd= ok=1
Cmd: compileSnippet
  api=0 type=0 insize=982 outsize=10119 kw=DIRECTIONAL SHADOWS_OFF LIGHTMAP_OFF DIRLIGHTMAP_OFF DYNAMICLIGHTMAP_OFF pd= ok=1
Cmd: compileSnippet
  api=0 type=1 insize=982 outsize=6 kw=DIRECTIONAL SHADOWS_OFF LIGHTMAP_OFF DIRLIGHTMAP_OFF DYNAMICLIGHTMAP_OFF pd= ok=1
Cmd: compileSnippet
  api=0 type=0 insize=938 outsize=5777 kw=DIRECTIONAL SHADOWS_OFF pd= ok=1
Cmd: compileSnippet
  api=0 type=1 insize=938 outsize=6 kw=DIRECTIONAL SHADOWS_OFF pd= ok=1
